SpeechBrain system description
==============================
Python version:
3.9.18 (main, Sep 11 2023, 13:41:44) 
[GCC 11.2.0]
==============================
Installed Python packages:
accelerate==0.25.0
aiohttp==3.9.1
aiosignal==1.3.1
asttokens @ file:///opt/conda/conda-bld/asttokens_1646925590279/work
async-timeout==4.0.3
attrs==23.2.0
audioread==3.0.1
backcall @ file:///home/ktietz/src/ci/backcall_1611930011877/work
blessed==1.20.0
certifi==2023.11.17
cffi==1.16.0
cfgv==3.4.0
charset-normalizer==3.3.2
click==8.1.7
comm==0.2.1
datasets==2.16.1
debugpy @ file:///croot/debugpy_1690905042057/work
decorator @ file:///opt/conda/conda-bld/decorator_1643638310831/work
dill==0.3.7
distlib==0.3.8
distro==1.9.0
docker-compose==1.29.2
dockerpty==0.4.1
docopt==0.6.2
evaluate==0.4.1
exceptiongroup @ file:///croot/exceptiongroup_1668714342571/work
executing @ file:///opt/conda/conda-bld/executing_1646925071911/work
filelock==3.13.1
frozenlist==1.4.1
fsspec==2023.10.0
gpustat==1.1.1
huggingface-hub==0.20.1
HyperPyYAML==1.2.2
identify==2.5.35
idna==3.6
importlib-metadata @ file:///croot/importlib_metadata-suite_1704294643737/work
ipykernel @ file:///croot/ipykernel_1691121631942/work
ipython @ file:///croot/ipython_1694181358621/work
ipywidgets==8.1.1
jedi @ file:///tmp/build/80754af9/jedi_1644297102865/work
Jinja2==3.1.2
jiwer==3.0.3
joblib==1.3.2
jsonschema==3.2.0
jupyter_client @ file:///croot/jupyter_client_1699455897726/work
jupyter_core @ file:///croot/jupyter_core_1698937308754/work
jupyterlab-widgets==3.0.9
lazy_loader==0.3
librosa==0.10.1
llvmlite==0.41.1
MarkupSafe==2.1.3
matplotlib-inline @ file:///opt/conda/conda-bld/matplotlib-inline_1662014470464/work
mpmath==1.3.0
msgpack==1.0.7
multidict==6.0.4
multiprocess==0.70.15
nest-asyncio @ file:///croot/nest-asyncio_1672387112409/work
networkx==3.2.1
nodeenv==1.8.0
numba==0.58.1
numpy==1.22.4
nvidia-cublas-cu12==12.1.3.1
nvidia-cuda-cupti-cu12==12.1.105
nvidia-cuda-nvrtc-cu12==12.1.105
nvidia-cuda-runtime-cu12==12.1.105
nvidia-cudnn-cu12==8.9.2.26
nvidia-cufft-cu12==11.0.2.54
nvidia-curand-cu12==10.3.2.106
nvidia-cusolver-cu12==11.4.5.107
nvidia-cusparse-cu12==12.1.0.106
nvidia-ml-py==12.535.133
nvidia-nccl-cu12==2.19.3
nvidia-nvjitlink-cu12==12.3.101
nvidia-nvtx-cu12==12.1.105
packaging @ file:///croot/packaging_1693575174725/work
pandas==2.1.4
paramiko==3.4.0
parso @ file:///opt/conda/conda-bld/parso_1641458642106/work
pexpect @ file:///tmp/build/80754af9/pexpect_1605563209008/work
pickleshare @ file:///tmp/build/80754af9/pickleshare_1606932040724/work
Pillow==10.1.0
platformdirs @ file:///croot/platformdirs_1692205439124/work
pooch==1.8.0
pre-commit==3.6.2
prompt-toolkit @ file:///croot/prompt-toolkit_1704404351921/work
psutil @ file:///opt/conda/conda-bld/psutil_1656431268089/work
ptyprocess @ file:///tmp/build/80754af9/ptyprocess_1609355006118/work/dist/ptyprocess-0.7.0-py2.py3-none-any.whl
pure-eval @ file:///opt/conda/conda-bld/pure_eval_1646925070566/work
pyarrow==14.0.2
pyarrow-hotfix==0.6
pycparser==2.21
Pygments @ file:///croot/pygments_1684279966437/work
pygtrie==2.5.0
PyNaCl==1.5.0
python-dateutil @ file:///tmp/build/80754af9/python-dateutil_1626374649649/work
python-dotenv==0.21.1
pytz==2023.3.post1
PyYAML==6.0.1
pyzmq @ file:///croot/pyzmq_1686601365461/work
rapidfuzz==3.6.1
regex==2023.12.25
requests==2.31.0
responses==0.18.0
ruamel.yaml==0.18.5
ruamel.yaml.clib==0.2.8
sacremoses==0.1.1
safetensors==0.4.1
scikit-learn==1.3.2
scipy==1.11.4
sentencepiece==0.1.99
six @ file:///tmp/build/80754af9/six_1644875935023/work
soundfile==0.12.1
soxr==0.3.7
speechbrain==0.5.16
stack-data @ file:///opt/conda/conda-bld/stack_data_1646927590127/work
sympy==1.12
texttable==1.7.0
threadpoolctl==3.2.0
tokenizers==0.15.2
torch @ file:///home/sunqi/torch-1.10.1%2Bcu111-cp39-cp39-linux_x86_64.whl#sha256=4789aca7facaaced7bf515db47bef8026ffa4695483070b8fb924d20eca70616
torchaudio @ file:///home/sunqi/torchaudio-0.10.1%2Bcu111-cp39-cp39-linux_x86_64.whl#sha256=a1a49e960d901374e8b58b5ccf3531be77776b39007879f38cb93b354eb8d3d4
torchvision==0.11.2
tornado @ file:///croot/tornado_1696936946304/work
tqdm==4.66.1
traitlets @ file:///croot/traitlets_1671143879854/work
transformers==4.38.2
triton==2.2.0
typing_extensions==4.10.0
tzdata==2023.4
urllib3==2.1.0
virtualenv==20.25.1
wcwidth==0.2.12
widgetsnbextension==4.0.9
xxhash==3.4.1
yarl==1.9.4
zipp @ file:///croot/zipp_1704206909481/work
==============================
Could not get git revision==============================
CUDA version:
11.1